build/intermediates/manifest_merge_blame_file/debug/manifest-merger-blame-debug-report.txt
1<?xml version="1.0" encoding="utf-8"?>
2<manifest xmlns:android="http://schemas.android.com/apk/res/android"
3    package="mcore.edu.warmwinter"
4    android:versionCode="1"
5    android:versionName="1.0" >
6
7    <uses-sdk
8        android:minSdkVersion="14"
8-->WarmWinter\AndroidManifest.xml
9        android:targetSdkVersion="31" />
9-->WarmWinter\AndroidManifest.xml
10
11    <queries>
11-->WarmWinter\AndroidManifest.xml:251:5-287:15
12        <intent>
12-->WarmWinter\AndroidManifest.xml:260:9-278:18
13            <action android:name="android.media.action.IMAGE_CAPTURE" />
13-->WarmWinter\AndroidManifest.xml:269:13-72
13-->WarmWinter\AndroidManifest.xml:269:21-70
14        </intent>
15    </queries>
16
17    <uses-feature
17-->WarmWinter\AndroidManifest.xml:296:5-87
18        android:name="android.hardware.telephony"
18-->WarmWinter\AndroidManifest.xml:296:19-60
19        android:required="false" />
19-->WarmWinter\AndroidManifest.xml:296:61-85
20
21    <uses-permission android:name="android.permission.RESTART_PACKAGES" />
21-->WarmWinter\AndroidManifest.xml:304:5-74
21-->WarmWinter\AndroidManifest.xml:304:22-72
22    <uses-permission android:name="android.permission.KILL_BACKGROUND_PROCESSES" />
22-->WarmWinter\AndroidManifest.xml:312:5-83
22-->WarmWinter\AndroidManifest.xml:312:22-81
23    <uses-permission android:name="android.permission.VIBRATE" />
23-->WarmWinter\AndroidManifest.xml:320:5-65
23-->WarmWinter\AndroidManifest.xml:320:22-63
24    <uses-permission android:name="android.permission.READ_EXTERNAL_STORAGE" />
24-->WarmWinter\AndroidManifest.xml:328:5-79
24-->WarmWinter\AndroidManifest.xml:328:22-77
25    <uses-permission android:name="android.permission.WRITE_EXTERNAL_STORAGE" />
25-->WarmWinter\AndroidManifest.xml:336:5-80
25-->WarmWinter\AndroidManifest.xml:336:22-78
26    <uses-permission android:name="android.permission.GET_TASKS" />
26-->WarmWinter\AndroidManifest.xml:344:5-67
26-->WarmWinter\AndroidManifest.xml:344:22-65
27    <uses-permission android:name="android.permission.WAKE_LOCK" />
27-->WarmWinter\AndroidManifest.xml:352:5-67
27-->WarmWinter\AndroidManifest.xml:352:22-65
28    <uses-permission
28-->WarmWinter\AndroidManifest.xml:360:5-101
29        android:name="android.permission.READ_PHONE_STATE"
29-->WarmWinter\AndroidManifest.xml:360:49-99
30        android:maxSdkVersion="29" />
30-->WarmWinter\AndroidManifest.xml:360:22-48
31    <uses-permission android:name="android.permission.READ_PHONE_NUMBERS" />
31-->WarmWinter\AndroidManifest.xml:368:5-76
31-->WarmWinter\AndroidManifest.xml:368:22-74
32    <uses-permission android:name="android.permission.INTERNET" />
32-->WarmWinter\AndroidManifest.xml:376:5-66
32-->WarmWinter\AndroidManifest.xml:376:22-64
33    <uses-permission android:name="android.permission.ACCESS_NETWORK_STATE" />
33-->WarmWinter\AndroidManifest.xml:384:5-78
33-->WarmWinter\AndroidManifest.xml:384:22-76
34    <uses-permission android:name="android.permission.ACCESS_WIFI_STATE" />
34-->WarmWinter\AndroidManifest.xml:392:5-75
34-->WarmWinter\AndroidManifest.xml:392:22-73
35    <uses-permission android:name="android.permission.CHANGE_WIFI_STATE" />
35-->WarmWinter\AndroidManifest.xml:400:5-75
35-->WarmWinter\AndroidManifest.xml:400:22-73
36    <uses-permission android:name="android.permission.ACCESS_COARSE_LOCATION" />
36-->WarmWinter\AndroidManifest.xml:408:5-80
36-->WarmWinter\AndroidManifest.xml:408:22-78
37
38    <uses-feature android:name="android.hardware.camera" />
38-->WarmWinter\AndroidManifest.xml:416:5-59
38-->WarmWinter\AndroidManifest.xml:416:19-57
39
40    <uses-permission android:name="android.permission.RECORD_AUDIO" />
40-->WarmWinter\AndroidManifest.xml:421:5-70
40-->WarmWinter\AndroidManifest.xml:421:22-68
41    <uses-permission android:name="android.permission.CAMERA" />
41-->WarmWinter\AndroidManifest.xml:426:5-64
41-->WarmWinter\AndroidManifest.xml:426:22-62
42    <uses-permission android:name="android.permission.FLASHLIGHT" />
42-->WarmWinter\AndroidManifest.xml:431:5-68
42-->WarmWinter\AndroidManifest.xml:431:22-66
43
44    <!-- requestLegacyExternalStorage 관련 오류 발생시, Properties 에서 Android의 project Build Target을  Android 10 으로 지정 하거나, requestLegacyExternalStorage 를 삭제 -->
45    <application
45-->WarmWinter\AndroidManifest.xml:20:5-242:19
46        android:name="mcore.edu.warmwinter.implementation.ExtendApplication"
46-->WarmWinter\AndroidManifest.xml:20:109-157
47        android:allowBackup="false"
47-->WarmWinter\AndroidManifest.xml:20:18-45
48        android:debuggable="true"
49        android:icon="@drawable/icon"
49-->WarmWinter\AndroidManifest.xml:20:46-75
50        android:label="@string/app_name"
50-->WarmWinter\AndroidManifest.xml:20:76-108
51        android:networkSecurityConfig="@xml/network_security_config"
51-->WarmWinter\AndroidManifest.xml:20:158-218
52        android:resizeableActivity="true"
52-->WarmWinter\AndroidManifest.xml:20:219-252
53        android:testOnly="true" >
54
55        <!-- 에러 발생시, ${applicationId} 를 packagename 으로 변경 -->
56
57        <provider
57-->WarmWinter\AndroidManifest.xml:39:9-57:20
58            android:name="android.support.v4.content.FileProvider"
58-->WarmWinter\AndroidManifest.xml:39:131-185
59            android:authorities="mcore.edu.warmwinter.provider"
59-->WarmWinter\AndroidManifest.xml:39:19-70
60            android:exported="false"
60-->WarmWinter\AndroidManifest.xml:39:71-95
61            android:grantUriPermissions="true" >
61-->WarmWinter\AndroidManifest.xml:39:96-130
62            <meta-data
62-->WarmWinter\AndroidManifest.xml:48:13-121
63                android:name="android.support.FILE_PROVIDER_PATHS"
63-->WarmWinter\AndroidManifest.xml:48:24-74
64                android:resource="@xml/mcore_provider_paths" />
64-->WarmWinter\AndroidManifest.xml:48:75-119
65        </provider>
66
67        <activity
67-->WarmWinter\AndroidManifest.xml:66:9-111:20
68            android:name="mcore.edu.warmwinter.Startup"
68-->WarmWinter\AndroidManifest.xml:66:43-66
69            android:exported="true"
69-->WarmWinter\AndroidManifest.xml:66:19-42
70            android:theme="@android:style/Theme.Black.NoTitleBar" >
70-->WarmWinter\AndroidManifest.xml:66:67-120
71            <intent-filter>
71-->WarmWinter\AndroidManifest.xml:75:13-102:29
72                <action android:name="android.intent.action.MAIN" />
72-->WarmWinter\AndroidManifest.xml:84:17-68
72-->WarmWinter\AndroidManifest.xml:84:25-66
73
74                <category android:name="android.intent.category.LAUNCHER" />
74-->WarmWinter\AndroidManifest.xml:93:17-76
74-->WarmWinter\AndroidManifest.xml:93:27-74
75            </intent-filter>
76        </activity>
77        <activity
77-->WarmWinter\AndroidManifest.xml:120:9-168
78            android:name="mcore.edu.warmwinter.BaseActivity"
78-->WarmWinter\AndroidManifest.xml:120:138-166
79            android:configChanges="locale|keyboardHidden|orientation|screenSize"
79-->WarmWinter\AndroidManifest.xml:120:19-87
80            android:imeOptions="actionSend|flagNoEnterAction" />
80-->WarmWinter\AndroidManifest.xml:120:88-137
81        <activity
81-->WarmWinter\AndroidManifest.xml:129:9-141
82            android:name="mcore.edu.warmwinter.samples.activity.ImageList1Activity"
82-->WarmWinter\AndroidManifest.xml:129:88-139
83            android:configChanges="locale|keyboardHidden|orientation|screenSize" />
83-->WarmWinter\AndroidManifest.xml:129:19-87
84        <activity
84-->WarmWinter\AndroidManifest.xml:138:9-141
85            android:name="mcore.edu.warmwinter.samples.activity.ImageList2Activity"
85-->WarmWinter\AndroidManifest.xml:138:88-139
86            android:configChanges="locale|keyboardHidden|orientation|screenSize" />
86-->WarmWinter\AndroidManifest.xml:138:19-87
87        <activity
87-->WarmWinter\AndroidManifest.xml:147:9-143
88            android:name="mcore.edu.warmwinter.samples.activity.ImageDetailsActivity"
88-->WarmWinter\AndroidManifest.xml:147:88-141
89            android:configChanges="locale|keyboardHidden|orientation|screenSize" />
89-->WarmWinter\AndroidManifest.xml:147:19-87
90        <activity
90-->WarmWinter\AndroidManifest.xml:156:9-136
91            android:name="mcore.edu.warmwinter.samples.activity.StartActivity"
91-->WarmWinter\AndroidManifest.xml:156:88-134
92            android:configChanges="locale|keyboardHidden|orientation|screenSize" />
92-->WarmWinter\AndroidManifest.xml:156:19-87
93        <activity
93-->WarmWinter\AndroidManifest.xml:165:9-137
94            android:name="mcore.edu.warmwinter.samples.activity.SampleActivity"
94-->WarmWinter\AndroidManifest.xml:165:88-135
95            android:configChanges="locale|keyboardHidden|orientation|screenSize" />
95-->WarmWinter\AndroidManifest.xml:165:19-87
96        <activity
96-->WarmWinter\AndroidManifest.xml:174:9-138
97            android:name="mcore.edu.warmwinter.samples.activity.SampleActivity2"
97-->WarmWinter\AndroidManifest.xml:174:88-136
98            android:configChanges="locale|keyboardHidden|orientation|screenSize" />
98-->WarmWinter\AndroidManifest.xml:174:19-87
99        <activity
99-->WarmWinter\AndroidManifest.xml:183:9-140
100            android:name="mcore.edu.warmwinter.samples.activity.BatchTempActivity"
100-->WarmWinter\AndroidManifest.xml:183:88-138
101            android:configChanges="locale|keyboardHidden|orientation|screenSize" />
101-->WarmWinter\AndroidManifest.xml:183:19-87
102        <activity
102-->WarmWinter\AndroidManifest.xml:192:9-147
103            android:name="mcore.edu.warmwinter.samples.activity.SampleNativeListActivity"
103-->WarmWinter\AndroidManifest.xml:192:88-145
104            android:configChanges="locale|keyboardHidden|orientation|screenSize" />
104-->WarmWinter\AndroidManifest.xml:192:19-87
105        <activity
105-->WarmWinter\AndroidManifest.xml:201:9-202
106            android:name="m.client.android.library.core.view.MainActivity"
106-->WarmWinter\AndroidManifest.xml:201:138-200
107            android:configChanges="locale|keyboardHidden|orientation|screenSize"
107-->WarmWinter\AndroidManifest.xml:201:19-87
108            android:imeOptions="actionSend|flagNoEnterAction" />
108-->WarmWinter\AndroidManifest.xml:201:88-137
109
110        <provider
110-->WarmWinter\AndroidManifest.xml:209:9-141
111            android:name="m.client.android.library.core.managers.LocalFileContentProvider"
111-->WarmWinter\AndroidManifest.xml:209:61-139
112            android:authorities="@string/app_package" />
112-->WarmWinter\AndroidManifest.xml:209:19-60
113
114        <uses-library
114-->WarmWinter\AndroidManifest.xml:217:9-87
115            android:name="org.apache.http.legacy"
115-->WarmWinter\AndroidManifest.xml:217:23-60
116            android:required="false" />
116-->WarmWinter\AndroidManifest.xml:217:61-85
117
118        <activity
118-->WarmWinter\AndroidManifest.xml:225:9-143
119            android:name="m.client.library.addon.media.AudioRecoderActivity"
119-->WarmWinter\AndroidManifest.xml:225:77-141
120            android:configChanges="locale|keyboardHidden|orientation" />
120-->WarmWinter\AndroidManifest.xml:225:19-76
121        <activity
121-->WarmWinter\AndroidManifest.xml:230:9-231:14
122            android:name="m.client.library.addon.media.MediaPlayActivity"
122-->WarmWinter\AndroidManifest.xml:230:81-142
123            android:configChanges="keyboardHidden|orientation|screenSize"
123-->WarmWinter\AndroidManifest.xml:230:19-80
124            android:theme="@android:style/Theme.Black.NoTitleBar" >
124-->WarmWinter\AndroidManifest.xml:230:143-196
125        </activity>
126        <activity
126-->WarmWinter\AndroidManifest.xml:236:9-237:14
127            android:name="m.client.library.addon.media.crop.CropImageActivity"
127-->WarmWinter\AndroidManifest.xml:236:81-147
128            android:configChanges="keyboardHidden|orientation|screenSize"
128-->WarmWinter\AndroidManifest.xml:236:19-80
129            android:theme="@android:style/Theme.Black.NoTitleBar" >
129-->WarmWinter\AndroidManifest.xml:236:148-201
130        </activity>
131    </application>
132
133</manifest>